<?xml version="1.0" encoding="UTF-8"?>
<!-- Generated by org.testng.reporters.JUnitReportReporter -->
<testsuite hostname="Santosh-Joshi" failures="0" tests="3" name="parallel.RunCucumberTest" time="1.990" errors="3" timestamp="4 May 2021 23:09:32 GMT">
  <testcase classname="parallel.RunCucumberTest" name="runScenario" time="0.636">
    <error message="There were 6 undefined steps
The step &quot;navigate to target url&quot; is undefined. You can implement it using the snippet(s) below:

Given(&quot;navigate to target url&quot;, () -&gt; {
    // Write code here that turns the phrase above into concrete actions
    throw new io.cucumber.java8.PendingException();
});
---
@Given(&quot;navigate to target url&quot;)
public void navigate_to_target_url() {
    // Write code here that turns the phrase above into concrete actions
    throw new io.cucumber.java.PendingException();
}

The step &quot;user logs in as an admin in the target environment&quot; is undefined. You can implement it using the snippet(s) below:

When(&quot;user logs in as an admin in the target environment&quot;, () -&gt; {
    // Write code here that turns the phrase above into concrete actions
    throw new io.cucumber.java8.PendingException();
});
---
@When(&quot;user logs in as an admin in the target environment&quot;)
public void user_logs_in_as_an_admin_in_the_target_environment() {
    // Write code here that turns the phrase above into concrete actions
    throw new io.cucumber.java.PendingException();
}

The step &quot;user clicks submit button&quot; is undefined. You can implement it using the snippet(s) below:

When(&quot;user clicks submit button&quot;, () -&gt; {
    // Write code here that turns the phrase above into concrete actions
    throw new io.cucumber.java8.PendingException();
});
---
@When(&quot;user clicks submit button&quot;)
public void user_clicks_submit_button() {
    // Write code here that turns the phrase above into concrete actions
    throw new io.cucumber.java.PendingException();
}

The step &quot;Home page should be displayed&quot; is undefined. You can implement it using the snippet(s) below:

Then(&quot;Home page should be displayed&quot;, () -&gt; {
    // Write code here that turns the phrase above into concrete actions
    throw new io.cucumber.java8.PendingException();
});
---
@Then(&quot;Home page should be displayed&quot;)
public void home_page_should_be_displayed() {
    // Write code here that turns the phrase above into concrete actions
    throw new io.cucumber.java.PendingException();
}

The step &quot;Navigate to HR tool box&quot; is undefined. You can implement it using the snippet(s) below:

Then(&quot;Navigate to HR tool box&quot;, () -&gt; {
    // Write code here that turns the phrase above into concrete actions
    throw new io.cucumber.java8.PendingException();
});
---
@Then(&quot;Navigate to HR tool box&quot;)
public void navigate_to_hr_tool_box() {
    // Write code here that turns the phrase above into concrete actions
    throw new io.cucumber.java.PendingException();
}

The step &quot;admin logout and close browser&quot; is undefined. You can implement it using the snippet(s) below:

Then(&quot;admin logout and close browser&quot;, () -&gt; {
    // Write code here that turns the phrase above into concrete actions
    throw new io.cucumber.java8.PendingException();
});
---
@Then(&quot;admin logout and close browser&quot;)
public void admin_logout_and_close_browser() {
    // Write code here that turns the phrase above into concrete actions
    throw new io.cucumber.java.PendingException();
}
" type="io.cucumber.testng.UndefinedStepException">
      <![CDATA[io.cucumber.testng.UndefinedStepException: There were 6 undefined steps
The step "navigate to target url" is undefined. You can implement it using the snippet(s) below:

Given("navigate to target url", () -> {
    // Write code here that turns the phrase above into concrete actions
    throw new io.cucumber.java8.PendingException();
});
---
@Given("navigate to target url")
public void navigate_to_target_url() {
    // Write code here that turns the phrase above into concrete actions
    throw new io.cucumber.java.PendingException();
}

The step "user logs in as an admin in the target environment" is undefined. You can implement it using the snippet(s) below:

When("user logs in as an admin in the target environment", () -> {
    // Write code here that turns the phrase above into concrete actions
    throw new io.cucumber.java8.PendingException();
});
---
@When("user logs in as an admin in the target environment")
public void user_logs_in_as_an_admin_in_the_target_environment() {
    // Write code here that turns the phrase above into concrete actions
    throw new io.cucumber.java.PendingException();
}

The step "user clicks submit button" is undefined. You can implement it using the snippet(s) below:

When("user clicks submit button", () -> {
    // Write code here that turns the phrase above into concrete actions
    throw new io.cucumber.java8.PendingException();
});
---
@When("user clicks submit button")
public void user_clicks_submit_button() {
    // Write code here that turns the phrase above into concrete actions
    throw new io.cucumber.java.PendingException();
}

The step "Home page should be displayed" is undefined. You can implement it using the snippet(s) below:

Then("Home page should be displayed", () -> {
    // Write code here that turns the phrase above into concrete actions
    throw new io.cucumber.java8.PendingException();
});
---
@Then("Home page should be displayed")
public void home_page_should_be_displayed() {
    // Write code here that turns the phrase above into concrete actions
    throw new io.cucumber.java.PendingException();
}

The step "Navigate to HR tool box" is undefined. You can implement it using the snippet(s) below:

Then("Navigate to HR tool box", () -> {
    // Write code here that turns the phrase above into concrete actions
    throw new io.cucumber.java8.PendingException();
});
---
@Then("Navigate to HR tool box")
public void navigate_to_hr_tool_box() {
    // Write code here that turns the phrase above into concrete actions
    throw new io.cucumber.java.PendingException();
}

The step "admin logout and close browser" is undefined. You can implement it using the snippet(s) below:

Then("admin logout and close browser", () -> {
    // Write code here that turns the phrase above into concrete actions
    throw new io.cucumber.java8.PendingException();
});
---
@Then("admin logout and close browser")
public void admin_logout_and_close_browser() {
    // Write code here that turns the phrase above into concrete actions
    throw new io.cucumber.java.PendingException();
}

	at io.cucumber.core.runtime.TestCaseResultObserver.assertTestCasePassed(TestCaseResultObserver.java:69)
	at io.cucumber.testng.TestCaseResultObserver.assertTestCasePassed(TestCaseResultObserver.java:23)
	at io.cucumber.testng.TestNGCucumberRunner.lambda$runScenario$0(TestNGCucumberRunner.java:117)
	at io.cucumber.core.runtime.CucumberExecutionContext.runTestCase(CucumberExecutionContext.java:117)
	at io.cucumber.testng.TestNGCucumberRunner.runScenario(TestNGCucumberRunner.java:113)
	at io.cucumber.testng.AbstractTestNGCucumberTests.runScenario(AbstractTestNGCucumberTests.java:31)
	at java.base/jdk.internal.reflect.NativeMethodAccessorImpl.invoke0(Native Method)
	at java.base/jdk.internal.reflect.NativeMethodAccessorImpl.invoke(NativeMethodAccessorImpl.java:64)
	at java.base/jdk.internal.reflect.DelegatingMethodAccessorImpl.invoke(DelegatingMethodAccessorImpl.java:43)
	at java.base/java.lang.reflect.Method.invoke(Method.java:564)
	at org.testng.internal.MethodInvocationHelper.invokeMethod(MethodInvocationHelper.java:85)
	at org.testng.internal.Invoker.invokeMethod(Invoker.java:639)
	at org.testng.internal.Invoker.invokeTestMethod(Invoker.java:816)
	at org.testng.internal.TestMethodWithDataProviderMethodWorker.call(TestMethodWithDataProviderMethodWorker.java:75)
	at org.testng.internal.TestMethodWithDataProviderMethodWorker.call(TestMethodWithDataProviderMethodWorker.java:14)
	at java.base/java.util.concurrent.FutureTask.run(FutureTask.java:264)
	at java.base/java.util.concurrent.Executors$RunnableAdapter.call(Executors.java:515)
	at java.base/java.util.concurrent.FutureTask.run(FutureTask.java:264)
	at java.base/java.util.concurrent.ThreadPoolExecutor.runWorker(ThreadPoolExecutor.java:1130)
	at java.base/java.util.concurrent.ThreadPoolExecutor$Worker.run(ThreadPoolExecutor.java:630)
	at java.base/java.lang.Thread.run(Thread.java:832)
]]>
    </error>
  </testcase> <!-- runScenario -->
  <testcase classname="parallel.RunCucumberTest" name="runScenario" time="0.691">
    <error message="There were 6 undefined steps
The step &quot;navigate to target url&quot; is undefined. You can implement it using the snippet(s) below:

Given(&quot;navigate to target url&quot;, () -&gt; {
    // Write code here that turns the phrase above into concrete actions
    throw new io.cucumber.java8.PendingException();
});
---
@Given(&quot;navigate to target url&quot;)
public void navigate_to_target_url() {
    // Write code here that turns the phrase above into concrete actions
    throw new io.cucumber.java.PendingException();
}

The step &quot;user logs in as an admin in the target environment&quot; is undefined. You can implement it using the snippet(s) below:

When(&quot;user logs in as an admin in the target environment&quot;, () -&gt; {
    // Write code here that turns the phrase above into concrete actions
    throw new io.cucumber.java8.PendingException();
});
---
@When(&quot;user logs in as an admin in the target environment&quot;)
public void user_logs_in_as_an_admin_in_the_target_environment() {
    // Write code here that turns the phrase above into concrete actions
    throw new io.cucumber.java.PendingException();
}

The step &quot;user clicks submit button&quot; is undefined. You can implement it using the snippet(s) below:

When(&quot;user clicks submit button&quot;, () -&gt; {
    // Write code here that turns the phrase above into concrete actions
    throw new io.cucumber.java8.PendingException();
});
---
@When(&quot;user clicks submit button&quot;)
public void user_clicks_submit_button() {
    // Write code here that turns the phrase above into concrete actions
    throw new io.cucumber.java.PendingException();
}

The step &quot;Navigate to HR tool box&quot; is undefined. You can implement it using the snippet(s) below:

When(&quot;Navigate to HR tool box&quot;, () -&gt; {
    // Write code here that turns the phrase above into concrete actions
    throw new io.cucumber.java8.PendingException();
});
---
@When(&quot;Navigate to HR tool box&quot;)
public void navigate_to_hr_tool_box() {
    // Write code here that turns the phrase above into concrete actions
    throw new io.cucumber.java.PendingException();
}

The step &quot;user click on customer on boarding&quot; is undefined. You can implement it using the snippet(s) below:

Given(&quot;user click on customer on boarding&quot;, () -&gt; {
    // Write code here that turns the phrase above into concrete actions
    throw new io.cucumber.java8.PendingException();
});
---
@Given(&quot;user click on customer on boarding&quot;)
public void user_click_on_customer_on_boarding() {
    // Write code here that turns the phrase above into concrete actions
    throw new io.cucumber.java.PendingException();
}

The step &quot;user upload a COB file&quot; is undefined. You can implement it using the snippet(s) below:

When(&quot;user upload a COB file&quot;, () -&gt; {
    // Write code here that turns the phrase above into concrete actions
    throw new io.cucumber.java8.PendingException();
});
---
@When(&quot;user upload a COB file&quot;)
public void user_upload_a_cob_file() {
    // Write code here that turns the phrase above into concrete actions
    throw new io.cucumber.java.PendingException();
}
" type="io.cucumber.testng.UndefinedStepException">
      <![CDATA[io.cucumber.testng.UndefinedStepException: There were 6 undefined steps
The step "navigate to target url" is undefined. You can implement it using the snippet(s) below:

Given("navigate to target url", () -> {
    // Write code here that turns the phrase above into concrete actions
    throw new io.cucumber.java8.PendingException();
});
---
@Given("navigate to target url")
public void navigate_to_target_url() {
    // Write code here that turns the phrase above into concrete actions
    throw new io.cucumber.java.PendingException();
}

The step "user logs in as an admin in the target environment" is undefined. You can implement it using the snippet(s) below:

When("user logs in as an admin in the target environment", () -> {
    // Write code here that turns the phrase above into concrete actions
    throw new io.cucumber.java8.PendingException();
});
---
@When("user logs in as an admin in the target environment")
public void user_logs_in_as_an_admin_in_the_target_environment() {
    // Write code here that turns the phrase above into concrete actions
    throw new io.cucumber.java.PendingException();
}

The step "user clicks submit button" is undefined. You can implement it using the snippet(s) below:

When("user clicks submit button", () -> {
    // Write code here that turns the phrase above into concrete actions
    throw new io.cucumber.java8.PendingException();
});
---
@When("user clicks submit button")
public void user_clicks_submit_button() {
    // Write code here that turns the phrase above into concrete actions
    throw new io.cucumber.java.PendingException();
}

The step "Navigate to HR tool box" is undefined. You can implement it using the snippet(s) below:

When("Navigate to HR tool box", () -> {
    // Write code here that turns the phrase above into concrete actions
    throw new io.cucumber.java8.PendingException();
});
---
@When("Navigate to HR tool box")
public void navigate_to_hr_tool_box() {
    // Write code here that turns the phrase above into concrete actions
    throw new io.cucumber.java.PendingException();
}

The step "user click on customer on boarding" is undefined. You can implement it using the snippet(s) below:

Given("user click on customer on boarding", () -> {
    // Write code here that turns the phrase above into concrete actions
    throw new io.cucumber.java8.PendingException();
});
---
@Given("user click on customer on boarding")
public void user_click_on_customer_on_boarding() {
    // Write code here that turns the phrase above into concrete actions
    throw new io.cucumber.java.PendingException();
}

The step "user upload a COB file" is undefined. You can implement it using the snippet(s) below:

When("user upload a COB file", () -> {
    // Write code here that turns the phrase above into concrete actions
    throw new io.cucumber.java8.PendingException();
});
---
@When("user upload a COB file")
public void user_upload_a_cob_file() {
    // Write code here that turns the phrase above into concrete actions
    throw new io.cucumber.java.PendingException();
}

	at io.cucumber.core.runtime.TestCaseResultObserver.assertTestCasePassed(TestCaseResultObserver.java:69)
	at io.cucumber.testng.TestCaseResultObserver.assertTestCasePassed(TestCaseResultObserver.java:23)
	at io.cucumber.testng.TestNGCucumberRunner.lambda$runScenario$0(TestNGCucumberRunner.java:117)
	at io.cucumber.core.runtime.CucumberExecutionContext.runTestCase(CucumberExecutionContext.java:117)
	at io.cucumber.testng.TestNGCucumberRunner.runScenario(TestNGCucumberRunner.java:113)
	at io.cucumber.testng.AbstractTestNGCucumberTests.runScenario(AbstractTestNGCucumberTests.java:31)
	at java.base/jdk.internal.reflect.NativeMethodAccessorImpl.invoke0(Native Method)
	at java.base/jdk.internal.reflect.NativeMethodAccessorImpl.invoke(NativeMethodAccessorImpl.java:64)
	at java.base/jdk.internal.reflect.DelegatingMethodAccessorImpl.invoke(DelegatingMethodAccessorImpl.java:43)
	at java.base/java.lang.reflect.Method.invoke(Method.java:564)
	at org.testng.internal.MethodInvocationHelper.invokeMethod(MethodInvocationHelper.java:85)
	at org.testng.internal.Invoker.invokeMethod(Invoker.java:639)
	at org.testng.internal.Invoker.invokeTestMethod(Invoker.java:816)
	at org.testng.internal.TestMethodWithDataProviderMethodWorker.call(TestMethodWithDataProviderMethodWorker.java:75)
	at org.testng.internal.TestMethodWithDataProviderMethodWorker.call(TestMethodWithDataProviderMethodWorker.java:14)
	at java.base/java.util.concurrent.FutureTask.run(FutureTask.java:264)
	at java.base/java.util.concurrent.Executors$RunnableAdapter.call(Executors.java:515)
	at java.base/java.util.concurrent.FutureTask.run(FutureTask.java:264)
	at java.base/java.util.concurrent.ThreadPoolExecutor.runWorker(ThreadPoolExecutor.java:1130)
	at java.base/java.util.concurrent.ThreadPoolExecutor$Worker.run(ThreadPoolExecutor.java:630)
	at java.base/java.lang.Thread.run(Thread.java:832)
]]>
    </error>
  </testcase> <!-- runScenario -->
  <testcase classname="parallel.RunCucumberTest" name="runScenario" time="0.663">
    <error message="There were 39 undefined steps
The step &quot;navigate to target url&quot; is undefined. You can implement it using the snippet(s) below:

Given(&quot;navigate to target url&quot;, () -&gt; {
    // Write code here that turns the phrase above into concrete actions
    throw new io.cucumber.java8.PendingException();
});
---
@Given(&quot;navigate to target url&quot;)
public void navigate_to_target_url() {
    // Write code here that turns the phrase above into concrete actions
    throw new io.cucumber.java.PendingException();
}

The step &quot;user logs in as an admin in the target environment&quot; is undefined. You can implement it using the snippet(s) below:

When(&quot;user logs in as an admin in the target environment&quot;, () -&gt; {
    // Write code here that turns the phrase above into concrete actions
    throw new io.cucumber.java8.PendingException();
});
---
@When(&quot;user logs in as an admin in the target environment&quot;)
public void user_logs_in_as_an_admin_in_the_target_environment() {
    // Write code here that turns the phrase above into concrete actions
    throw new io.cucumber.java.PendingException();
}

The step &quot;user clicks submit button&quot; is undefined. You can implement it using the snippet(s) below:

When(&quot;user clicks submit button&quot;, () -&gt; {
    // Write code here that turns the phrase above into concrete actions
    throw new io.cucumber.java8.PendingException();
});
---
@When(&quot;user clicks submit button&quot;)
public void user_clicks_submit_button() {
    // Write code here that turns the phrase above into concrete actions
    throw new io.cucumber.java.PendingException();
}

The step &quot;Home page should be displayed&quot; is undefined. You can implement it using the snippet(s) below:

Then(&quot;Home page should be displayed&quot;, () -&gt; {
    // Write code here that turns the phrase above into concrete actions
    throw new io.cucumber.java8.PendingException();
});
---
@Then(&quot;Home page should be displayed&quot;)
public void home_page_should_be_displayed() {
    // Write code here that turns the phrase above into concrete actions
    throw new io.cucumber.java.PendingException();
}

The step &quot;Navigate to HR tool box&quot; is undefined. You can implement it using the snippet(s) below:

Then(&quot;Navigate to HR tool box&quot;, () -&gt; {
    // Write code here that turns the phrase above into concrete actions
    throw new io.cucumber.java8.PendingException();
});
---
@Then(&quot;Navigate to HR tool box&quot;)
public void navigate_to_hr_tool_box() {
    // Write code here that turns the phrase above into concrete actions
    throw new io.cucumber.java.PendingException();
}

The step &quot;Validate if it navigates to Create performance Program&quot; is undefined. You can implement it using the snippet(s) below:

Given(&quot;Validate if it navigates to Create performance Program&quot;, () -&gt; {
    // Write code here that turns the phrase above into concrete actions
    throw new io.cucumber.java8.PendingException();
});
---
@Given(&quot;Validate if it navigates to Create performance Program&quot;)
public void validate_if_it_navigates_to_create_performance_program() {
    // Write code here that turns the phrase above into concrete actions
    throw new io.cucumber.java.PendingException();
}

The step &quot;Click on Create Program Button&quot; is undefined. You can implement it using the snippet(s) below:

When(&quot;Click on Create Program Button&quot;, () -&gt; {
    // Write code here that turns the phrase above into concrete actions
    throw new io.cucumber.java8.PendingException();
});
---
@When(&quot;Click on Create Program Button&quot;)
public void click_on_create_program_button() {
    // Write code here that turns the phrase above into concrete actions
    throw new io.cucumber.java.PendingException();
}

The step &quot;It should navigate to Create Performance Program Page&quot; is undefined. You can implement it using the snippet(s) below:

Then(&quot;It should navigate to Create Performance Program Page&quot;, () -&gt; {
    // Write code here that turns the phrase above into concrete actions
    throw new io.cucumber.java8.PendingException();
});
---
@Then(&quot;It should navigate to Create Performance Program Page&quot;)
public void it_should_navigate_to_create_performance_program_page() {
    // Write code here that turns the phrase above into concrete actions
    throw new io.cucumber.java.PendingException();
}

The step &quot;Program Details page should be loaded&quot; is undefined. You can implement it using the snippet(s) below:

Then(&quot;Program Details page should be loaded&quot;, () -&gt; {
    // Write code here that turns the phrase above into concrete actions
    throw new io.cucumber.java8.PendingException();
});
---
@Then(&quot;Program Details page should be loaded&quot;)
public void program_details_page_should_be_loaded() {
    // Write code here that turns the phrase above into concrete actions
    throw new io.cucumber.java.PendingException();
}

The step &quot;Enter all manditory fields on Program detail page&quot; is undefined. You can implement it using the snippet(s) below:

When(&quot;Enter all manditory fields on Program detail page&quot;, () -&gt; {
    // Write code here that turns the phrase above into concrete actions
    throw new io.cucumber.java8.PendingException();
});
---
@When(&quot;Enter all manditory fields on Program detail page&quot;)
public void enter_all_manditory_fields_on_program_detail_page() {
    // Write code here that turns the phrase above into concrete actions
    throw new io.cucumber.java.PendingException();
}

The step &quot;Click on continue button on Program detail page&quot; is undefined. You can implement it using the snippet(s) below:

When(&quot;Click on continue button on Program detail page&quot;, () -&gt; {
    // Write code here that turns the phrase above into concrete actions
    throw new io.cucumber.java8.PendingException();
});
---
@When(&quot;Click on continue button on Program detail page&quot;)
public void click_on_continue_button_on_program_detail_page() {
    // Write code here that turns the phrase above into concrete actions
    throw new io.cucumber.java.PendingException();
}

The step &quot;Program configuration page should load&quot; is undefined. You can implement it using the snippet(s) below:

Then(&quot;Program configuration page should load&quot;, () -&gt; {
    // Write code here that turns the phrase above into concrete actions
    throw new io.cucumber.java8.PendingException();
});
---
@Then(&quot;Program configuration page should load&quot;)
public void program_configuration_page_should_load() {
    // Write code here that turns the phrase above into concrete actions
    throw new io.cucumber.java.PendingException();
}

The step &quot;Enter all manditory field on Program configuration page&quot; is undefined. You can implement it using the snippet(s) below:

When(&quot;Enter all manditory field on Program configuration page&quot;, () -&gt; {
    // Write code here that turns the phrase above into concrete actions
    throw new io.cucumber.java8.PendingException();
});
---
@When(&quot;Enter all manditory field on Program configuration page&quot;)
public void enter_all_manditory_field_on_program_configuration_page() {
    // Write code here that turns the phrase above into concrete actions
    throw new io.cucumber.java.PendingException();
}

The step &quot;Click on Advance Setting an fill all the fields&quot; is undefined. You can implement it using the snippet(s) below:

When(&quot;Click on Advance Setting an fill all the fields&quot;, () -&gt; {
    // Write code here that turns the phrase above into concrete actions
    throw new io.cucumber.java8.PendingException();
});
---
@When(&quot;Click on Advance Setting an fill all the fields&quot;)
public void click_on_advance_setting_an_fill_all_the_fields() {
    // Write code here that turns the phrase above into concrete actions
    throw new io.cucumber.java.PendingException();
}

The step &quot;Click on continue button on Program configuration page&quot; is undefined. You can implement it using the snippet(s) below:

When(&quot;Click on continue button on Program configuration page&quot;, () -&gt; {
    // Write code here that turns the phrase above into concrete actions
    throw new io.cucumber.java8.PendingException();
});
---
@When(&quot;Click on continue button on Program configuration page&quot;)
public void click_on_continue_button_on_program_configuration_page() {
    // Write code here that turns the phrase above into concrete actions
    throw new io.cucumber.java.PendingException();
}

The step &quot;Program Scale page should load&quot; is undefined. You can implement it using the snippet(s) below:

Then(&quot;Program Scale page should load&quot;, () -&gt; {
    // Write code here that turns the phrase above into concrete actions
    throw new io.cucumber.java8.PendingException();
});
---
@Then(&quot;Program Scale page should load&quot;)
public void program_scale_page_should_load() {
    // Write code here that turns the phrase above into concrete actions
    throw new io.cucumber.java.PendingException();
}

The step &quot;Enter all field on Scale page&quot; is undefined. You can implement it using the snippet(s) below:

When(&quot;Enter all field on Scale page&quot;, () -&gt; {
    // Write code here that turns the phrase above into concrete actions
    throw new io.cucumber.java8.PendingException();
});
---
@When(&quot;Enter all field on Scale page&quot;)
public void enter_all_field_on_scale_page() {
    // Write code here that turns the phrase above into concrete actions
    throw new io.cucumber.java.PendingException();
}

The step &quot;Click on continue button on Program configuration&quot; is undefined. You can implement it using the snippet(s) below:

When(&quot;Click on continue button on Program configuration&quot;, () -&gt; {
    // Write code here that turns the phrase above into concrete actions
    throw new io.cucumber.java8.PendingException();
});
---
@When(&quot;Click on continue button on Program configuration&quot;)
public void click_on_continue_button_on_program_configuration() {
    // Write code here that turns the phrase above into concrete actions
    throw new io.cucumber.java.PendingException();
}

The step &quot;Save program button by clicking save button&quot; is undefined. You can implement it using the snippet(s) below:

Then(&quot;Save program button by clicking save button&quot;, () -&gt; {
    // Write code here that turns the phrase above into concrete actions
    throw new io.cucumber.java8.PendingException();
});
---
@Then(&quot;Save program button by clicking save button&quot;)
public void save_program_button_by_clicking_save_button() {
    // Write code here that turns the phrase above into concrete actions
    throw new io.cucumber.java.PendingException();
}

The step &quot;to verify created Program&quot; is undefined. You can implement it using the snippet(s) below:

Then(&quot;to verify created Program&quot;, () -&gt; {
    // Write code here that turns the phrase above into concrete actions
    throw new io.cucumber.java8.PendingException();
});
---
@Then(&quot;to verify created Program&quot;)
public void to_verify_created_program() {
    // Write code here that turns the phrase above into concrete actions
    throw new io.cucumber.java.PendingException();
}

The step &quot;Click On Action more option and select Start from drop down&quot; is undefined. You can implement it using the snippet(s) below:

When(&quot;Click On Action more option and select Start from drop down&quot;, () -&gt; {
    // Write code here that turns the phrase above into concrete actions
    throw new io.cucumber.java8.PendingException();
});
---
@When(&quot;Click On Action more option and select Start from drop down&quot;)
public void click_on_action_more_option_and_select_start_from_drop_down() {
    // Write code here that turns the phrase above into concrete actions
    throw new io.cucumber.java.PendingException();
}

The step &quot;Program Start Details page should be loaded&quot; is undefined. You can implement it using the snippet(s) below:

Then(&quot;Program Start Details page should be loaded&quot;, () -&gt; {
    // Write code here that turns the phrase above into concrete actions
    throw new io.cucumber.java8.PendingException();
});
---
@Then(&quot;Program Start Details page should be loaded&quot;)
public void program_start_details_page_should_be_loaded() {
    // Write code here that turns the phrase above into concrete actions
    throw new io.cucumber.java.PendingException();
}

The step &quot;Select Include Everyone,Include Everyone Except,Include everyone in one by one&quot; is undefined. You can implement it using the snippet(s) below:

When(&quot;Select Include Everyone,Include Everyone Except,Include everyone in one by one&quot;, () -&gt; {
    // Write code here that turns the phrase above into concrete actions
    throw new io.cucumber.java8.PendingException();
});
---
@When(&quot;Select Include Everyone,Include Everyone Except,Include everyone in one by one&quot;)
public void select_include_everyone_include_everyone_except_include_everyone_in_one_by_one() {
    // Write code here that turns the phrase above into concrete actions
    throw new io.cucumber.java.PendingException();
}

The step &quot;Click on Do not have employee codes link&quot; is undefined. You can implement it using the snippet(s) below:

When(&quot;Click on Do not have employee codes link&quot;, () -&gt; {
    // Write code here that turns the phrase above into concrete actions
    throw new io.cucumber.java8.PendingException();
});
---
@When(&quot;Click on Do not have employee codes link&quot;)
public void click_on_do_not_have_employee_codes_link() {
    // Write code here that turns the phrase above into concrete actions
    throw new io.cucumber.java.PendingException();
}

The step &quot;it should navigate to employee Employee Advanced Search&quot; is undefined. You can implement it using the snippet(s) below:

Then(&quot;it should navigate to employee Employee Advanced Search&quot;, () -&gt; {
    // Write code here that turns the phrase above into concrete actions
    throw new io.cucumber.java8.PendingException();
});
---
@Then(&quot;it should navigate to employee Employee Advanced Search&quot;)
public void it_should_navigate_to_employee_employee_advanced_search() {
    // Write code here that turns the phrase above into concrete actions
    throw new io.cucumber.java.PendingException();
}

The step &quot;Verify all the field of filter&quot; is undefined. You can implement it using the snippet(s) below:

When(&quot;Verify all the field of filter&quot;, () -&gt; {
    // Write code here that turns the phrase above into concrete actions
    throw new io.cucumber.java8.PendingException();
});
---
@When(&quot;Verify all the field of filter&quot;)
public void verify_all_the_field_of_filter() {
    // Write code here that turns the phrase above into concrete actions
    throw new io.cucumber.java.PendingException();
}

The step &quot;Start the performance program&quot; is undefined. You can implement it using the snippet(s) below:

When(&quot;Start the performance program&quot;, () -&gt; {
    // Write code here that turns the phrase above into concrete actions
    throw new io.cucumber.java8.PendingException();
});
---
@When(&quot;Start the performance program&quot;)
public void start_the_performance_program() {
    // Write code here that turns the phrase above into concrete actions
    throw new io.cucumber.java.PendingException();
}

The step &quot;Validate if create scorecard widget is listed under all I need to do&quot; is undefined. You can implement it using the snippet(s) below:

Then(&quot;Validate if create scorecard widget is listed under all I need to do&quot;, () -&gt; {
    // Write code here that turns the phrase above into concrete actions
    throw new io.cucumber.java8.PendingException();
});
---
@Then(&quot;Validate if create scorecard widget is listed under all I need to do&quot;)
public void validate_if_create_scorecard_widget_is_listed_under_all_i_need_to_do() {
    // Write code here that turns the phrase above into concrete actions
    throw new io.cucumber.java.PendingException();
}

The step &quot;Employee verifies create KPI&#039;s&quot; is undefined. You can implement it using the snippet(s) below:

Then(&quot;Employee verifies create KPI&#039;s&quot;, () -&gt; {
    // Write code here that turns the phrase above into concrete actions
    throw new io.cucumber.java8.PendingException();
});
---
@Then(&quot;Employee verifies create KPI&#039;s&quot;)
public void employee_verifies_create_kpi_s() {
    // Write code here that turns the phrase above into concrete actions
    throw new io.cucumber.java.PendingException();
}

The step &quot;Click on createMyKpi button and create individual and Measurekpi&quot; is undefined. You can implement it using the snippet(s) below:

When(&quot;Click on createMyKpi button and create individual and Measurekpi&quot;, () -&gt; {
    // Write code here that turns the phrase above into concrete actions
    throw new io.cucumber.java8.PendingException();
});
---
@When(&quot;Click on createMyKpi button and create individual and Measurekpi&quot;)
public void click_on_create_my_kpi_button_and_create_individual_and_measurekpi() {
    // Write code here that turns the phrase above into concrete actions
    throw new io.cucumber.java.PendingException();
}

The step &quot;Supervisor verifies the Scorecard&quot; is undefined. You can implement it using the snippet(s) below:

Then(&quot;Supervisor verifies the Scorecard&quot;, () -&gt; {
    // Write code here that turns the phrase above into concrete actions
    throw new io.cucumber.java8.PendingException();
});
---
@Then(&quot;Supervisor verifies the Scorecard&quot;)
public void supervisor_verifies_the_scorecard() {
    // Write code here that turns the phrase above into concrete actions
    throw new io.cucumber.java.PendingException();
}

The step &quot;Verifier verifies the scorecard&quot; is undefined. You can implement it using the snippet(s) below:

Then(&quot;Verifier verifies the scorecard&quot;, () -&gt; {
    // Write code here that turns the phrase above into concrete actions
    throw new io.cucumber.java8.PendingException();
});
---
@Then(&quot;Verifier verifies the scorecard&quot;)
public void verifier_verifies_the_scorecard() {
    // Write code here that turns the phrase above into concrete actions
    throw new io.cucumber.java.PendingException();
}

The step &quot;Employee publishes the scorecard&quot; is undefined. You can implement it using the snippet(s) below:

Then(&quot;Employee publishes the scorecard&quot;, () -&gt; {
    // Write code here that turns the phrase above into concrete actions
    throw new io.cucumber.java8.PendingException();
});
---
@Then(&quot;Employee publishes the scorecard&quot;)
public void employee_publishes_the_scorecard() {
    // Write code here that turns the phrase above into concrete actions
    throw new io.cucumber.java.PendingException();
}

The step &quot;verifies for scorecard published label&quot; is undefined. You can implement it using the snippet(s) below:

Then(&quot;verifies for scorecard published label&quot;, () -&gt; {
    // Write code here that turns the phrase above into concrete actions
    throw new io.cucumber.java8.PendingException();
});
---
@Then(&quot;verifies for scorecard published label&quot;)
public void verifies_for_scorecard_published_label() {
    // Write code here that turns the phrase above into concrete actions
    throw new io.cucumber.java.PendingException();
}

The step &quot;program should be submit for review&quot; is undefined. You can implement it using the snippet(s) below:

When(&quot;program should be submit for review&quot;, () -&gt; {
    // Write code here that turns the phrase above into concrete actions
    throw new io.cucumber.java8.PendingException();
});
---
@When(&quot;program should be submit for review&quot;)
public void program_should_be_submit_for_review() {
    // Write code here that turns the phrase above into concrete actions
    throw new io.cucumber.java.PendingException();
}

The step &quot;supervisor will approve review scorecard&quot; is undefined. You can implement it using the snippet(s) below:

Then(&quot;supervisor will approve review scorecard&quot;, () -&gt; {
    // Write code here that turns the phrase above into concrete actions
    throw new io.cucumber.java8.PendingException();
});
---
@Then(&quot;supervisor will approve review scorecard&quot;)
public void supervisor_will_approve_review_scorecard() {
    // Write code here that turns the phrase above into concrete actions
    throw new io.cucumber.java.PendingException();
}

The step &quot;verifier will approve review scorecard&quot; is undefined. You can implement it using the snippet(s) below:

Then(&quot;verifier will approve review scorecard&quot;, () -&gt; {
    // Write code here that turns the phrase above into concrete actions
    throw new io.cucumber.java8.PendingException();
});
---
@Then(&quot;verifier will approve review scorecard&quot;)
public void verifier_will_approve_review_scorecard() {
    // Write code here that turns the phrase above into concrete actions
    throw new io.cucumber.java.PendingException();
}

The step &quot;Employee will verify Scorecard published Label&quot; is undefined. You can implement it using the snippet(s) below:

Then(&quot;Employee will verify Scorecard published Label&quot;, () -&gt; {
    // Write code here that turns the phrase above into concrete actions
    throw new io.cucumber.java8.PendingException();
});
---
@Then(&quot;Employee will verify Scorecard published Label&quot;)
public void employee_will_verify_scorecard_published_label() {
    // Write code here that turns the phrase above into concrete actions
    throw new io.cucumber.java.PendingException();
}

The step &quot;Add unenrolled employees&quot; is undefined. You can implement it using the snippet(s) below:

Given(&quot;Add unenrolled employees&quot;, () -&gt; {
    // Write code here that turns the phrase above into concrete actions
    throw new io.cucumber.java8.PendingException();
});
---
@Given(&quot;Add unenrolled employees&quot;)
public void add_unenrolled_employees() {
    // Write code here that turns the phrase above into concrete actions
    throw new io.cucumber.java.PendingException();
}
" type="io.cucumber.testng.UndefinedStepException">
      <![CDATA[io.cucumber.testng.UndefinedStepException: There were 39 undefined steps
The step "navigate to target url" is undefined. You can implement it using the snippet(s) below:

Given("navigate to target url", () -> {
    // Write code here that turns the phrase above into concrete actions
    throw new io.cucumber.java8.PendingException();
});
---
@Given("navigate to target url")
public void navigate_to_target_url() {
    // Write code here that turns the phrase above into concrete actions
    throw new io.cucumber.java.PendingException();
}

The step "user logs in as an admin in the target environment" is undefined. You can implement it using the snippet(s) below:

When("user logs in as an admin in the target environment", () -> {
    // Write code here that turns the phrase above into concrete actions
    throw new io.cucumber.java8.PendingException();
});
---
@When("user logs in as an admin in the target environment")
public void user_logs_in_as_an_admin_in_the_target_environment() {
    // Write code here that turns the phrase above into concrete actions
    throw new io.cucumber.java.PendingException();
}

The step "user clicks submit button" is undefined. You can implement it using the snippet(s) below:

When("user clicks submit button", () -> {
    // Write code here that turns the phrase above into concrete actions
    throw new io.cucumber.java8.PendingException();
});
---
@When("user clicks submit button")
public void user_clicks_submit_button() {
    // Write code here that turns the phrase above into concrete actions
    throw new io.cucumber.java.PendingException();
}

The step "Home page should be displayed" is undefined. You can implement it using the snippet(s) below:

Then("Home page should be displayed", () -> {
    // Write code here that turns the phrase above into concrete actions
    throw new io.cucumber.java8.PendingException();
});
---
@Then("Home page should be displayed")
public void home_page_should_be_displayed() {
    // Write code here that turns the phrase above into concrete actions
    throw new io.cucumber.java.PendingException();
}

The step "Navigate to HR tool box" is undefined. You can implement it using the snippet(s) below:

Then("Navigate to HR tool box", () -> {
    // Write code here that turns the phrase above into concrete actions
    throw new io.cucumber.java8.PendingException();
});
---
@Then("Navigate to HR tool box")
public void navigate_to_hr_tool_box() {
    // Write code here that turns the phrase above into concrete actions
    throw new io.cucumber.java.PendingException();
}

The step "Validate if it navigates to Create performance Program" is undefined. You can implement it using the snippet(s) below:

Given("Validate if it navigates to Create performance Program", () -> {
    // Write code here that turns the phrase above into concrete actions
    throw new io.cucumber.java8.PendingException();
});
---
@Given("Validate if it navigates to Create performance Program")
public void validate_if_it_navigates_to_create_performance_program() {
    // Write code here that turns the phrase above into concrete actions
    throw new io.cucumber.java.PendingException();
}

The step "Click on Create Program Button" is undefined. You can implement it using the snippet(s) below:

When("Click on Create Program Button", () -> {
    // Write code here that turns the phrase above into concrete actions
    throw new io.cucumber.java8.PendingException();
});
---
@When("Click on Create Program Button")
public void click_on_create_program_button() {
    // Write code here that turns the phrase above into concrete actions
    throw new io.cucumber.java.PendingException();
}

The step "It should navigate to Create Performance Program Page" is undefined. You can implement it using the snippet(s) below:

Then("It should navigate to Create Performance Program Page", () -> {
    // Write code here that turns the phrase above into concrete actions
    throw new io.cucumber.java8.PendingException();
});
---
@Then("It should navigate to Create Performance Program Page")
public void it_should_navigate_to_create_performance_program_page() {
    // Write code here that turns the phrase above into concrete actions
    throw new io.cucumber.java.PendingException();
}

The step "Program Details page should be loaded" is undefined. You can implement it using the snippet(s) below:

Then("Program Details page should be loaded", () -> {
    // Write code here that turns the phrase above into concrete actions
    throw new io.cucumber.java8.PendingException();
});
---
@Then("Program Details page should be loaded")
public void program_details_page_should_be_loaded() {
    // Write code here that turns the phrase above into concrete actions
    throw new io.cucumber.java.PendingException();
}

The step "Enter all manditory fields on Program detail page" is undefined. You can implement it using the snippet(s) below:

When("Enter all manditory fields on Program detail page", () -> {
    // Write code here that turns the phrase above into concrete actions
    throw new io.cucumber.java8.PendingException();
});
---
@When("Enter all manditory fields on Program detail page")
public void enter_all_manditory_fields_on_program_detail_page() {
    // Write code here that turns the phrase above into concrete actions
    throw new io.cucumber.java.PendingException();
}

The step "Click on continue button on Program detail page" is undefined. You can implement it using the snippet(s) below:

When("Click on continue button on Program detail page", () -> {
    // Write code here that turns the phrase above into concrete actions
    throw new io.cucumber.java8.PendingException();
});
---
@When("Click on continue button on Program detail page")
public void click_on_continue_button_on_program_detail_page() {
    // Write code here that turns the phrase above into concrete actions
    throw new io.cucumber.java.PendingException();
}

The step "Program configuration page should load" is undefined. You can implement it using the snippet(s) below:

Then("Program configuration page should load", () -> {
    // Write code here that turns the phrase above into concrete actions
    throw new io.cucumber.java8.PendingException();
});
---
@Then("Program configuration page should load")
public void program_configuration_page_should_load() {
    // Write code here that turns the phrase above into concrete actions
    throw new io.cucumber.java.PendingException();
}

The step "Enter all manditory field on Program configuration page" is undefined. You can implement it using the snippet(s) below:

When("Enter all manditory field on Program configuration page", () -> {
    // Write code here that turns the phrase above into concrete actions
    throw new io.cucumber.java8.PendingException();
});
---
@When("Enter all manditory field on Program configuration page")
public void enter_all_manditory_field_on_program_configuration_page() {
    // Write code here that turns the phrase above into concrete actions
    throw new io.cucumber.java.PendingException();
}

The step "Click on Advance Setting an fill all the fields" is undefined. You can implement it using the snippet(s) below:

When("Click on Advance Setting an fill all the fields", () -> {
    // Write code here that turns the phrase above into concrete actions
    throw new io.cucumber.java8.PendingException();
});
---
@When("Click on Advance Setting an fill all the fields")
public void click_on_advance_setting_an_fill_all_the_fields() {
    // Write code here that turns the phrase above into concrete actions
    throw new io.cucumber.java.PendingException();
}

The step "Click on continue button on Program configuration page" is undefined. You can implement it using the snippet(s) below:

When("Click on continue button on Program configuration page", () -> {
    // Write code here that turns the phrase above into concrete actions
    throw new io.cucumber.java8.PendingException();
});
---
@When("Click on continue button on Program configuration page")
public void click_on_continue_button_on_program_configuration_page() {
    // Write code here that turns the phrase above into concrete actions
    throw new io.cucumber.java.PendingException();
}

The step "Program Scale page should load" is undefined. You can implement it using the snippet(s) below:

Then("Program Scale page should load", () -> {
    // Write code here that turns the phrase above into concrete actions
    throw new io.cucumber.java8.PendingException();
});
---
@Then("Program Scale page should load")
public void program_scale_page_should_load() {
    // Write code here that turns the phrase above into concrete actions
    throw new io.cucumber.java.PendingException();
}

The step "Enter all field on Scale page" is undefined. You can implement it using the snippet(s) below:

When("Enter all field on Scale page", () -> {
    // Write code here that turns the phrase above into concrete actions
    throw new io.cucumber.java8.PendingException();
});
---
@When("Enter all field on Scale page")
public void enter_all_field_on_scale_page() {
    // Write code here that turns the phrase above into concrete actions
    throw new io.cucumber.java.PendingException();
}

The step "Click on continue button on Program configuration" is undefined. You can implement it using the snippet(s) below:

When("Click on continue button on Program configuration", () -> {
    // Write code here that turns the phrase above into concrete actions
    throw new io.cucumber.java8.PendingException();
});
---
@When("Click on continue button on Program configuration")
public void click_on_continue_button_on_program_configuration() {
    // Write code here that turns the phrase above into concrete actions
    throw new io.cucumber.java.PendingException();
}

The step "Save program button by clicking save button" is undefined. You can implement it using the snippet(s) below:

Then("Save program button by clicking save button", () -> {
    // Write code here that turns the phrase above into concrete actions
    throw new io.cucumber.java8.PendingException();
});
---
@Then("Save program button by clicking save button")
public void save_program_button_by_clicking_save_button() {
    // Write code here that turns the phrase above into concrete actions
    throw new io.cucumber.java.PendingException();
}

The step "to verify created Program" is undefined. You can implement it using the snippet(s) below:

Then("to verify created Program", () -> {
    // Write code here that turns the phrase above into concrete actions
    throw new io.cucumber.java8.PendingException();
});
---
@Then("to verify created Program")
public void to_verify_created_program() {
    // Write code here that turns the phrase above into concrete actions
    throw new io.cucumber.java.PendingException();
}

The step "Click On Action more option and select Start from drop down" is undefined. You can implement it using the snippet(s) below:

When("Click On Action more option and select Start from drop down", () -> {
    // Write code here that turns the phrase above into concrete actions
    throw new io.cucumber.java8.PendingException();
});
---
@When("Click On Action more option and select Start from drop down")
public void click_on_action_more_option_and_select_start_from_drop_down() {
    // Write code here that turns the phrase above into concrete actions
    throw new io.cucumber.java.PendingException();
}

The step "Program Start Details page should be loaded" is undefined. You can implement it using the snippet(s) below:

Then("Program Start Details page should be loaded", () -> {
    // Write code here that turns the phrase above into concrete actions
    throw new io.cucumber.java8.PendingException();
});
---
@Then("Program Start Details page should be loaded")
public void program_start_details_page_should_be_loaded() {
    // Write code here that turns the phrase above into concrete actions
    throw new io.cucumber.java.PendingException();
}

The step "Select Include Everyone,Include Everyone Except,Include everyone in one by one" is undefined. You can implement it using the snippet(s) below:

When("Select Include Everyone,Include Everyone Except,Include everyone in one by one", () -> {
    // Write code here that turns the phrase above into concrete actions
    throw new io.cucumber.java8.PendingException();
});
---
@When("Select Include Everyone,Include Everyone Except,Include everyone in one by one")
public void select_include_everyone_include_everyone_except_include_everyone_in_one_by_one() {
    // Write code here that turns the phrase above into concrete actions
    throw new io.cucumber.java.PendingException();
}

The step "Click on Do not have employee codes link" is undefined. You can implement it using the snippet(s) below:

When("Click on Do not have employee codes link", () -> {
    // Write code here that turns the phrase above into concrete actions
    throw new io.cucumber.java8.PendingException();
});
---
@When("Click on Do not have employee codes link")
public void click_on_do_not_have_employee_codes_link() {
    // Write code here that turns the phrase above into concrete actions
    throw new io.cucumber.java.PendingException();
}

The step "it should navigate to employee Employee Advanced Search" is undefined. You can implement it using the snippet(s) below:

Then("it should navigate to employee Employee Advanced Search", () -> {
    // Write code here that turns the phrase above into concrete actions
    throw new io.cucumber.java8.PendingException();
});
---
@Then("it should navigate to employee Employee Advanced Search")
public void it_should_navigate_to_employee_employee_advanced_search() {
    // Write code here that turns the phrase above into concrete actions
    throw new io.cucumber.java.PendingException();
}

The step "Verify all the field of filter" is undefined. You can implement it using the snippet(s) below:

When("Verify all the field of filter", () -> {
    // Write code here that turns the phrase above into concrete actions
    throw new io.cucumber.java8.PendingException();
});
---
@When("Verify all the field of filter")
public void verify_all_the_field_of_filter() {
    // Write code here that turns the phrase above into concrete actions
    throw new io.cucumber.java.PendingException();
}

The step "Start the performance program" is undefined. You can implement it using the snippet(s) below:

When("Start the performance program", () -> {
    // Write code here that turns the phrase above into concrete actions
    throw new io.cucumber.java8.PendingException();
});
---
@When("Start the performance program")
public void start_the_performance_program() {
    // Write code here that turns the phrase above into concrete actions
    throw new io.cucumber.java.PendingException();
}

The step "Validate if create scorecard widget is listed under all I need to do" is undefined. You can implement it using the snippet(s) below:

Then("Validate if create scorecard widget is listed under all I need to do", () -> {
    // Write code here that turns the phrase above into concrete actions
    throw new io.cucumber.java8.PendingException();
});
---
@Then("Validate if create scorecard widget is listed under all I need to do")
public void validate_if_create_scorecard_widget_is_listed_under_all_i_need_to_do() {
    // Write code here that turns the phrase above into concrete actions
    throw new io.cucumber.java.PendingException();
}

The step "Employee verifies create KPI's" is undefined. You can implement it using the snippet(s) below:

Then("Employee verifies create KPI's", () -> {
    // Write code here that turns the phrase above into concrete actions
    throw new io.cucumber.java8.PendingException();
});
---
@Then("Employee verifies create KPI's")
public void employee_verifies_create_kpi_s() {
    // Write code here that turns the phrase above into concrete actions
    throw new io.cucumber.java.PendingException();
}

The step "Click on createMyKpi button and create individual and Measurekpi" is undefined. You can implement it using the snippet(s) below:

When("Click on createMyKpi button and create individual and Measurekpi", () -> {
    // Write code here that turns the phrase above into concrete actions
    throw new io.cucumber.java8.PendingException();
});
---
@When("Click on createMyKpi button and create individual and Measurekpi")
public void click_on_create_my_kpi_button_and_create_individual_and_measurekpi() {
    // Write code here that turns the phrase above into concrete actions
    throw new io.cucumber.java.PendingException();
}

The step "Supervisor verifies the Scorecard" is undefined. You can implement it using the snippet(s) below:

Then("Supervisor verifies the Scorecard", () -> {
    // Write code here that turns the phrase above into concrete actions
    throw new io.cucumber.java8.PendingException();
});
---
@Then("Supervisor verifies the Scorecard")
public void supervisor_verifies_the_scorecard() {
    // Write code here that turns the phrase above into concrete actions
    throw new io.cucumber.java.PendingException();
}

The step "Verifier verifies the scorecard" is undefined. You can implement it using the snippet(s) below:

Then("Verifier verifies the scorecard", () -> {
    // Write code here that turns the phrase above into concrete actions
    throw new io.cucumber.java8.PendingException();
});
---
@Then("Verifier verifies the scorecard")
public void verifier_verifies_the_scorecard() {
    // Write code here that turns the phrase above into concrete actions
    throw new io.cucumber.java.PendingException();
}

The step "Employee publishes the scorecard" is undefined. You can implement it using the snippet(s) below:

Then("Employee publishes the scorecard", () -> {
    // Write code here that turns the phrase above into concrete actions
    throw new io.cucumber.java8.PendingException();
});
---
@Then("Employee publishes the scorecard")
public void employee_publishes_the_scorecard() {
    // Write code here that turns the phrase above into concrete actions
    throw new io.cucumber.java.PendingException();
}

The step "verifies for scorecard published label" is undefined. You can implement it using the snippet(s) below:

Then("verifies for scorecard published label", () -> {
    // Write code here that turns the phrase above into concrete actions
    throw new io.cucumber.java8.PendingException();
});
---
@Then("verifies for scorecard published label")
public void verifies_for_scorecard_published_label() {
    // Write code here that turns the phrase above into concrete actions
    throw new io.cucumber.java.PendingException();
}

The step "program should be submit for review" is undefined. You can implement it using the snippet(s) below:

When("program should be submit for review", () -> {
    // Write code here that turns the phrase above into concrete actions
    throw new io.cucumber.java8.PendingException();
});
---
@When("program should be submit for review")
public void program_should_be_submit_for_review() {
    // Write code here that turns the phrase above into concrete actions
    throw new io.cucumber.java.PendingException();
}

The step "supervisor will approve review scorecard" is undefined. You can implement it using the snippet(s) below:

Then("supervisor will approve review scorecard", () -> {
    // Write code here that turns the phrase above into concrete actions
    throw new io.cucumber.java8.PendingException();
});
---
@Then("supervisor will approve review scorecard")
public void supervisor_will_approve_review_scorecard() {
    // Write code here that turns the phrase above into concrete actions
    throw new io.cucumber.java.PendingException();
}

The step "verifier will approve review scorecard" is undefined. You can implement it using the snippet(s) below:

Then("verifier will approve review scorecard", () -> {
    // Write code here that turns the phrase above into concrete actions
    throw new io.cucumber.java8.PendingException();
});
---
@Then("verifier will approve review scorecard")
public void verifier_will_approve_review_scorecard() {
    // Write code here that turns the phrase above into concrete actions
    throw new io.cucumber.java.PendingException();
}

The step "Employee will verify Scorecard published Label" is undefined. You can implement it using the snippet(s) below:

Then("Employee will verify Scorecard published Label", () -> {
    // Write code here that turns the phrase above into concrete actions
    throw new io.cucumber.java8.PendingException();
});
---
@Then("Employee will verify Scorecard published Label")
public void employee_will_verify_scorecard_published_label() {
    // Write code here that turns the phrase above into concrete actions
    throw new io.cucumber.java.PendingException();
}

The step "Add unenrolled employees" is undefined. You can implement it using the snippet(s) below:

Given("Add unenrolled employees", () -> {
    // Write code here that turns the phrase above into concrete actions
    throw new io.cucumber.java8.PendingException();
});
---
@Given("Add unenrolled employees")
public void add_unenrolled_employees() {
    // Write code here that turns the phrase above into concrete actions
    throw new io.cucumber.java.PendingException();
}

	at io.cucumber.core.runtime.TestCaseResultObserver.assertTestCasePassed(TestCaseResultObserver.java:69)
	at io.cucumber.testng.TestCaseResultObserver.assertTestCasePassed(TestCaseResultObserver.java:23)
	at io.cucumber.testng.TestNGCucumberRunner.lambda$runScenario$0(TestNGCucumberRunner.java:117)
	at io.cucumber.core.runtime.CucumberExecutionContext.runTestCase(CucumberExecutionContext.java:117)
	at io.cucumber.testng.TestNGCucumberRunner.runScenario(TestNGCucumberRunner.java:113)
	at io.cucumber.testng.AbstractTestNGCucumberTests.runScenario(AbstractTestNGCucumberTests.java:31)
	at java.base/jdk.internal.reflect.NativeMethodAccessorImpl.invoke0(Native Method)
	at java.base/jdk.internal.reflect.NativeMethodAccessorImpl.invoke(NativeMethodAccessorImpl.java:64)
	at java.base/jdk.internal.reflect.DelegatingMethodAccessorImpl.invoke(DelegatingMethodAccessorImpl.java:43)
	at java.base/java.lang.reflect.Method.invoke(Method.java:564)
	at org.testng.internal.MethodInvocationHelper.invokeMethod(MethodInvocationHelper.java:85)
	at org.testng.internal.Invoker.invokeMethod(Invoker.java:639)
	at org.testng.internal.Invoker.invokeTestMethod(Invoker.java:816)
	at org.testng.internal.TestMethodWithDataProviderMethodWorker.call(TestMethodWithDataProviderMethodWorker.java:75)
	at org.testng.internal.TestMethodWithDataProviderMethodWorker.call(TestMethodWithDataProviderMethodWorker.java:14)
	at java.base/java.util.concurrent.FutureTask.run(FutureTask.java:264)
	at java.base/java.util.concurrent.Executors$RunnableAdapter.call(Executors.java:515)
	at java.base/java.util.concurrent.FutureTask.run(FutureTask.java:264)
	at java.base/java.util.concurrent.ThreadPoolExecutor.runWorker(ThreadPoolExecutor.java:1130)
	at java.base/java.util.concurrent.ThreadPoolExecutor$Worker.run(ThreadPoolExecutor.java:630)
	at java.base/java.lang.Thread.run(Thread.java:832)
]]>
    </error>
  </testcase> <!-- runScenario -->
</testsuite> <!-- parallel.RunCucumberTest -->
